<?xml version="1.0" encoding="UTF-8"?>
<!-- Generated by org.testng.reporters.JUnitReportReporter -->
<testsuite hostname="DESKTOP-FNEC2U3" failures="0" tests="1" name="jen.test" time="0.012" errors="0" timestamp="2022-12-05T16:05:42 IST" skipped="0">
  <testcase classname="jen.test" name="outputStatement" time="0.012"/>
  <system-out/>
</testsuite> <!-- jen.test -->
